<?xml version="1.0" encoding="utf-8" standalone="no"?>
<!--This file represents the results of running a test suite-->
<test-results name="C:\Users\vaneto\Documents\Visual Studio 2015\Projects\Blog-Skeleton\Blog-Skeleton\Blog.UI.Tests\bin\Debug\Blog.UI.Tests.dll" total="5" errors="0" failures="0" not-run="0" inconclusive="0" ignored="0" skipped="0" invalid="0" date="2017-05-23" time="19:50:03">
  <environment nunit-version="3.5.0.0" clr-version="4.0.30319.42000" os-version="Microsoft Windows NT 6.1.7601 Service Pack 1" platform="Win32NT" cwd="C:\BuildAgent\work\4d2cc47ae117f2f8" machine-name="VANETO-PC" user="vaneto" user-domain="vaneto-PC" />
  <culture-info current-culture="en-US" current-uiculture="en-US" />
  <test-suite type="Assembly" name="C:\Users\vaneto\Documents\Visual Studio 2015\Projects\Blog-Skeleton\Blog-Skeleton\Blog.UI.Tests\bin\Debug\Blog.UI.Tests.dll" executed="True" result="Success" success="True" time="12.866" asserts="10">
    <properties>
      <property name="_PID" value="9120" />
      <property name="_APPDOMAIN" value="domain-" />
    </properties>
    <results>
      <test-suite type="TestSuite" name="Blog" executed="True" result="Success" success="True" time="12.844" asserts="10">
        <results>
          <test-suite type="TestSuite" name="UI" executed="True" result="Success" success="True" time="12.842" asserts="10">
            <results>
              <test-suite type="TestSuite" name="Tests" executed="True" result="Success" success="True" time="12.840" asserts="10">
                <results>
                  <test-suite type="TestFixture" name="HomePageTests" executed="True" result="Success" success="True" time="7.839" asserts="2">
                    <results>
                      <test-case name="Blog.UI.Tests.HomePageTests.CheckWebSiteLoad_EnterBlogURL_OpenBlogHomePage" description="Navigate to Blog web address, expected: Blog homepage open and Logo present" executed="True" result="Success" success="True" time="0.733" asserts="2">
                        <properties>
                          <property name="Priority" value="1" />
                          <property name="Test scenario number:" value="9" />
                          <property name="Homepage test number:" value="1" />
                          <property name="Description" value="Navigate to Blog web address, expected: Blog homepage open and Logo present" />
                          <property name="Author" value="vankatabe" />
                        </properties>
                      </test-case>
                    </results>
                  </test-suite>
                  <test-suite type="TestFixture" name="LoginPageTests" executed="True" result="Success" success="True" time="2.033" asserts="2">
                    <results>
                      <test-case name="Blog.UI.Tests.LoginPageTests.Login_ValidCredentials_LoginSuccessful" description="Navigate to Login page web address and enter valid registered User credentials, expected: User logged and greeting displayed" executed="True" result="Success" success="True" time="2.026" asserts="2">
                        <properties>
                          <property name="Priority" value="1" />
                          <property name="Test scenario number:" value="3" />
                          <property name="Login test number:" value="1" />
                          <property name="Description" value="Navigate to Login page web address and enter valid registered User credentials, expected: User logged and greeting displayed" />
                          <property name="Author" value="vankatabe" />
                        </properties>
                      </test-case>
                    </results>
                  </test-suite>
                  <test-suite type="TestFixture" name="LogoffTests" executed="True" result="Success" success="True" time="1.150" asserts="2">
                    <results>
                      <test-case name="Blog.UI.Tests.LogoffTests.Logoff_ClickLogoffLink_LogoffSuccessful" description="Register with valid User credentials where User Logs-in automatically and press Logoff link, expected: User logged-off and Login link displayed" executed="True" result="Success" success="True" time="1.149" asserts="2">
                        <properties>
                          <property name="Priority" value="1" />
                          <property name="Test scenario number:" value="6" />
                          <property name="Logoff test number:" value="1" />
                          <property name="Description" value="Register with valid User credentials where User Logs-in automatically and press Logoff link, expected: User logged-off and Login link displayed" />
                          <property name="Author" value="vankatabe" />
                        </properties>
                      </test-case>
                    </results>
                  </test-suite>
                  <test-suite type="TestFixture" name="RegisterPageTests" executed="True" result="Success" success="True" time="1.158" asserts="2">
                    <results>
                      <test-case name="Blog.UI.Tests.RegisterPageTests.Register_UniqueCredentials_RegisterSuccessful" description="Navigate to Registration page web address and populate fields with valid input, expected: Account registered and User Logged automatially" executed="True" result="Success" success="True" time="1.156" asserts="2">
                        <properties>
                          <property name="Priority" value="1" />
                          <property name="Test scenario number:" value="2" />
                          <property name="Registration test number:" value="1" />
                          <property name="Description" value="Navigate to Registration page web address and populate fields with valid input, expected: Account registered and User Logged automatially" />
                          <property name="Author" value="vankatabe" />
                        </properties>
                      </test-case>
                    </results>
                  </test-suite>
                  <test-suite type="TestSuite" name="SpecFlowTests" executed="True" result="Success" success="True" time="12.837" asserts="2">
                    <results>
                      <test-suite type="TestFixture" name="OpenHomePageFeature" description="OpenHomePage" executed="True" result="Success" success="True" time="0.644" asserts="2">
                        <properties>
                          <property name="Description" value="OpenHomePage" />
                        </properties>
                        <results>
                          <test-case name="Blog.UI.Tests.SpecFlowTests.OpenHomePageFeature.CheckWebSiteLoad_EnterBlogURL_OpenBlogHomePage" description="Check WebSite Load _ Enter Blog URL _ Open Blog Home Page" executed="True" result="Success" success="True" time="0.506" asserts="2">
                            <categories>
                              <category name="Regression" />
                            </categories>
                            <properties>
                              <property name="Description" value="Check WebSite Load _ Enter Blog URL _ Open Blog Home Page" />
                            </properties>
                          </test-case>
                        </results>
                      </test-suite>
                    </results>
                  </test-suite>
                </results>
              </test-suite>
            </results>
          </test-suite>
        </results>
      </test-suite>
    </results>
  </test-suite>
</test-results>