<?xml version="1.0" encoding="utf-8" standalone="no"?>
<!--This file represents the results of running a test suite-->
<test-results name="C:\Users\vaneto\Documents\Visual Studio 2015\Projects\Blog-Skeleton\Blog-Skeleton\Blog.UI.Tests\bin\Debug\Blog.UI.Tests.dll" total="2" errors="0" failures="0" not-run="0" inconclusive="0" ignored="0" skipped="0" invalid="0" date="2017-05-21" time="12:40:12">
  <environment nunit-version="3.5.0.0" clr-version="4.0.30319.42000" os-version="Microsoft Windows NT 6.1.7601 Service Pack 1" platform="Win32NT" cwd="C:\BuildAgent\work\4d2cc47ae117f2f8" machine-name="VANETO-PC" user="vaneto" user-domain="vaneto-PC" />
  <culture-info current-culture="en-US" current-uiculture="en-US" />
  <test-suite type="Assembly" name="C:\Users\vaneto\Documents\Visual Studio 2015\Projects\Blog-Skeleton\Blog-Skeleton\Blog.UI.Tests\bin\Debug\Blog.UI.Tests.dll" executed="True" result="Success" success="True" time="8.744" asserts="4">
    <properties>
      <property name="_PID" value="8660" />
      <property name="_APPDOMAIN" value="domain-" />
    </properties>
    <results>
      <test-suite type="TestSuite" name="Blog" executed="True" result="Success" success="True" time="8.718" asserts="4">
        <results>
          <test-suite type="TestSuite" name="UI" executed="True" result="Success" success="True" time="8.716" asserts="4">
            <results>
              <test-suite type="TestSuite" name="Tests" executed="True" result="Success" success="True" time="8.714" asserts="4">
                <results>
                  <test-suite type="TestFixture" name="HomePageTests" executed="True" result="Success" success="True" time="8.129" asserts="2">
                    <results>
                      <test-case name="Blog.UI.Tests.HomePageTests.CheckWebSiteLoad_EnterBlogURL_OpenBlogHomePage" description="Navigate to Blog webb address, expected: Blog homepage open and Logo present" executed="True" result="Success" success="True" time="0.839" asserts="2">
                        <properties>
                          <property name="Priority" value="1" />
                          <property name="Test scenario number:" value="9" />
                          <property name="Homepage test number:" value="1" />
                          <property name="Description" value="Navigate to Blog webb address, expected: Blog homepage open and Logo present" />
                          <property name="Author" value="vankatabe" />
                        </properties>
                      </test-case>
                    </results>
                  </test-suite>
                  <test-suite type="TestSuite" name="SpecFlowTests" executed="True" result="Success" success="True" time="8.711" asserts="2">
                    <results>
                      <test-suite type="TestFixture" name="OpenHomePageFeature" description="OpenHomePage" executed="True" result="Success" success="True" time="0.575" asserts="2">
                        <properties>
                          <property name="Description" value="OpenHomePage" />
                        </properties>
                        <results>
                          <test-case name="Blog.UI.Tests.SpecFlowTests.OpenHomePageFeature.CheckWebSiteLoad_EnterBlogURL_OpenBlogHomePage" description="Check WebSite Load _ Enter Blog URL _ Open Blog Home Page" executed="True" result="Success" success="True" time="0.442" asserts="2">
                            <categories>
                              <category name="Regression" />
                              <category name="test" />
                              <category name="open" />
                              <category name="Blog" />
                              <category name="website" />
                            </categories>
                            <properties>
                              <property name="Description" value="Check WebSite Load _ Enter Blog URL _ Open Blog Home Page" />
                            </properties>
                          </test-case>
                        </results>
                      </test-suite>
                    </results>
                  </test-suite>
                </results>
              </test-suite>
            </results>
          </test-suite>
        </results>
      </test-suite>
    </results>
  </test-suite>
</test-results>