<?xml version="1.0" encoding="utf-8" standalone="no"?>
<!--This file represents the results of running a test suite-->
<test-results name="C:\Users\vaneto\Documents\Visual Studio 2015\Projects\Blog-Skeleton\Blog-Skeleton\Blog.UI.Tests\bin\Debug\Blog.UI.Tests.dll" total="2" errors="1" failures="0" not-run="0" inconclusive="0" ignored="0" skipped="0" invalid="0" date="2017-05-21" time="11:47:09">
  <environment nunit-version="3.5.0.0" clr-version="4.0.30319.42000" os-version="Microsoft Windows NT 6.1.7601 Service Pack 1" platform="Win32NT" cwd="C:\BuildAgent\work\4d2cc47ae117f2f8" machine-name="VANETO-PC" user="vaneto" user-domain="vaneto-PC" />
  <culture-info current-culture="en-US" current-uiculture="en-US" />
  <test-suite type="Assembly" name="C:\Users\vaneto\Documents\Visual Studio 2015\Projects\Blog-Skeleton\Blog-Skeleton\Blog.UI.Tests\bin\Debug\Blog.UI.Tests.dll" executed="True" result="Failure" success="False" time="14.687" asserts="2">
    <properties>
      <property name="_PID" value="8428" />
      <property name="_APPDOMAIN" value="domain-" />
    </properties>
    <failure>
      <message><![CDATA[One or more child tests had errors]]></message>
      <stack-trace />
    </failure>
    <results>
      <test-suite type="TestSuite" name="Blog" executed="True" result="Failure" success="False" time="14.663" asserts="2">
        <failure>
          <message><![CDATA[One or more child tests had errors]]></message>
          <stack-trace />
        </failure>
        <results>
          <test-suite type="TestSuite" name="UI" executed="True" result="Failure" success="False" time="14.661" asserts="2">
            <failure>
              <message><![CDATA[One or more child tests had errors]]></message>
              <stack-trace />
            </failure>
            <results>
              <test-suite type="TestSuite" name="Tests" executed="True" result="Failure" success="False" time="14.659" asserts="2">
                <failure>
                  <message><![CDATA[One or more child tests had errors]]></message>
                  <stack-trace />
                </failure>
                <results>
                  <test-suite type="TestFixture" name="HomePageTests" executed="True" result="Success" success="True" time="8.194" asserts="2">
                    <results>
                      <test-case name="Blog.UI.Tests.HomePageTests.CheckWebSiteLoad_EnterBlogURL_OpenBlogHomePage" description="Navigate to Blog webb address, expected: Blog homepage open and Logo present" executed="True" result="Success" success="True" time="1.273" asserts="2">
                        <properties>
                          <property name="Priority" value="1" />
                          <property name="Test scenario number:" value="9" />
                          <property name="Homepage test number:" value="1" />
                          <property name="Description" value="Navigate to Blog webb address, expected: Blog homepage open and Logo present" />
                          <property name="Author" value="vankatabe" />
                        </properties>
                      </test-case>
                    </results>
                  </test-suite>
                  <test-suite type="TestSuite" name="SpecFlowTests" executed="True" result="Failure" success="False" time="14.656" asserts="0">
                    <failure>
                      <message><![CDATA[One or more child tests had errors]]></message>
                      <stack-trace />
                    </failure>
                    <results>
                      <test-suite type="TestFixture" name="OpenHomePageFeature" description="OpenHomePage" executed="True" result="Failure" success="False" time="6.458" asserts="0">
                        <properties>
                          <property name="Description" value="OpenHomePage" />
                        </properties>
                        <failure>
                          <message><![CDATA[One or more child tests had errors]]></message>
                          <stack-trace />
                        </failure>
                        <results>
                          <test-case name="Blog.UI.Tests.SpecFlowTests.OpenHomePageFeature.CheckWebSiteLoad_EnterBlogURL_OpenBlogHomePage" description="Check WebSite Load _ Enter Blog URL _ Open Blog Home Page" executed="True" result="Error" success="False" time="6.286" asserts="0">
                            <categories>
                              <category name="Regression" />
                              <category name="test" />
                              <category name="open" />
                              <category name="Blog" />
                              <category name="website" />
                            </categories>
                            <properties>
                              <property name="Description" value="Check WebSite Load _ Enter Blog URL _ Open Blog Home Page" />
                            </properties>
                            <failure>
                              <message><![CDATA[OpenQA.Selenium.WebDriverException : Unexpected error. System.Net.WebException: Unable to connect to the remote server ---> System.Net.Sockets.SocketException: No connection could be made because the target machine actively refused it [::1]:8246
   at System.Net.Sockets.Socket.DoConnect(EndPoint endPointSnapshot, SocketAddress socketAddress)
   at System.Net.ServicePoint.ConnectSocketInternal(Boolean connectFailure, Socket s4, Socket s6, Socket& socket, IPAddress& address, ConnectSocketState state, IAsyncResult asyncResult, Exception& exception)
   --- End of inner exception stack trace ---
   at System.Net.HttpWebRequest.GetRequestStream(TransportContext& context)
   at System.Net.HttpWebRequest.GetRequestStream()
   at OpenQA.Selenium.Remote.HttpCommandExecutor.Execute(Command commandToExecute)
   at OpenQA.Selenium.Remote.DriverServiceCommandExecutor.Execute(Command commandToExecute)
   at OpenQA.Selenium.Remote.RemoteWebDriver.Execute(String driverCommandToExecute, Dictionary`2 parameters)]]></message>
                              <stack-trace><![CDATA[   at OpenQA.Selenium.Remote.RemoteWebDriver.UnpackAndThrowOnError(Response errorResponse)
   at OpenQA.Selenium.Remote.RemoteWebDriver.Execute(String driverCommandToExecute, Dictionary`2 parameters)
   at OpenQA.Selenium.Remote.RemoteWebDriver.FindElement(String mechanism, String value)
   at Blog.UI.Tests.Pages.HomePage.HomePage.<>c.<get_Logo>b__4_0(IWebDriver w) in C:\Users\vaneto\Documents\Visual Studio 2015\Projects\Blog-Skeleton\Blog-Skeleton\Blog.UI.Tests\Pages\HomePage\HomePageMap.cs:line 16
   at OpenQA.Selenium.Support.UI.DefaultWait`1.Until[TResult](Func`2 condition)
   at Blog.UI.Tests.Pages.HomePage.HomePage.get_Logo() in C:\Users\vaneto\Documents\Visual Studio 2015\Projects\Blog-Skeleton\Blog-Skeleton\Blog.UI.Tests\Pages\HomePage\HomePageMap.cs:line 16
   at Blog.UI.Tests.Pages.HomePage.HomePageAsserter.AssertHomePageLogoDisplayed(HomePage page, String text) in C:\Users\vaneto\Documents\Visual Studio 2015\Projects\Blog-Skeleton\Blog-Skeleton\Blog.UI.Tests\Pages\HomePage\HomePageAsserter.cs:line 14
   at Blog.UI.Tests.SpecFlowTests.OpenHomePageSteps.ThenTheBlogHomePageIsOpen() in C:\Users\vaneto\Documents\Visual Studio 2015\Projects\Blog-Skeleton\Blog-Skeleton\Blog.UI.Tests\SpecFlowTests\OpenHomePageSteps.cs:line 36
   at TechTalk.SpecFlow.Bindings.BindingInvoker.InvokeBinding(IBinding binding, IContextManager contextManager, Object[] arguments, ITestTracer testTracer, TimeSpan& duration)
   at TechTalk.SpecFlow.Infrastructure.TestExecutionEngine.ExecuteStepMatch(BindingMatch match, Object[] arguments)
   at TechTalk.SpecFlow.Infrastructure.TestExecutionEngine.ExecuteStep(StepInstance stepInstance)
   at TechTalk.SpecFlow.Infrastructure.TestExecutionEngine.OnAfterLastStep()
   at Blog.UI.Tests.SpecFlowTests.OpenHomePageFeature.ScenarioCleanup()
   at Blog.UI.Tests.SpecFlowTests.OpenHomePageFeature.CheckWebSiteLoad_EnterBlogURL_OpenBlogHomePage() in C:\Users\vaneto\Documents\Visual Studio 2015\Projects\Blog-Skeleton\Blog-Skeleton\Blog.UI.Tests\SpecFlowTests\OpenHomePage.feature:line 10]]></stack-trace>
                            </failure>
                          </test-case>
                        </results>
                      </test-suite>
                    </results>
                  </test-suite>
                </results>
              </test-suite>
            </results>
          </test-suite>
        </results>
      </test-suite>
    </results>
  </test-suite>
</test-results>